<?xml version="1.0" encoding="UTF-8"?>
<!-- Generated by org.testng.reporters.JUnitReportReporter -->
<testsuite hostname="DESKTOP-CTCH6FD" failures="0" tests="1" name="sequentialTestCases.LoginPageSeq" time="3.959" errors="0" timestamp="2024-06-22T12:50:31 IST" skipped="0">
  <testcase classname="sequentialTestCases.LoginPageSeq" name="excel" time="3.959"/>
</testsuite> <!-- sequentialTestCases.LoginPageSeq -->
