<?xml version="1.0" encoding="UTF-8"?>
<!-- Generated by org.testng.reporters.JUnitReportReporter -->
<testsuite hostname="DESKTOP-CTCH6FD" failures="0" tests="1" name="crossBrowser.LoginPageCrossBrowser" time="4.129" errors="0" timestamp="2024-06-23T01:14:15 IST" skipped="0">
  <testcase classname="crossBrowser.LoginPageCrossBrowser" name="excel" time="4.129"/>
</testsuite> <!-- crossBrowser.LoginPageCrossBrowser -->
