<?xml version="1.0" encoding="UTF-8"?>
<!-- Generated by org.testng.reporters.JUnitReportReporter -->
<testsuite hostname="DESKTOP-CTCH6FD" failures="0" tests="3" name="sequentialTestCases.UnitPageSeq" time="21.652" errors="0" timestamp="2024-06-22T12:50:31 IST" skipped="0">
  <testcase classname="sequentialTestCases.UnitPageSeq" name="unitAdd" time="11.509"/>
  <testcase classname="sequentialTestCases.UnitPageSeq" name="unitSearch" time="6.284"/>
  <testcase classname="sequentialTestCases.UnitPageSeq" name="deleteunit" time="3.859"/>
</testsuite> <!-- sequentialTestCases.UnitPageSeq -->
