<?xml version="1.0" encoding="UTF-8"?>
<!-- Generated by org.testng.reporters.JUnitReportReporter -->
<testsuite hostname="DESKTOP-CTCH6FD" failures="0" tests="4" name="crossBrowser.UnitPageCrossBrowser" time="25.222" errors="0" timestamp="2024-06-23T01:14:15 IST" skipped="0">
  <testcase classname="crossBrowser.UnitPageCrossBrowser" name="excel" time="3.025"/>
  <testcase classname="crossBrowser.UnitPageCrossBrowser" name="unitAdd" time="11.922"/>
  <testcase classname="crossBrowser.UnitPageCrossBrowser" name="unitSearch" time="6.365"/>
  <testcase classname="crossBrowser.UnitPageCrossBrowser" name="deleteunit" time="3.910"/>
</testsuite> <!-- crossBrowser.UnitPageCrossBrowser -->
