<?xml version="1.0" encoding="UTF-8"?>
<!-- Generated by org.testng.reporters.JUnitReportReporter -->
<testsuite hostname="DESKTOP-CTCH6FD" failures="0" tests="4" name="projectTestCases.UnitPage" time="25.683" errors="0" timestamp="2024-06-22T12:52:09 IST" skipped="0">
  <testcase classname="projectTestCases.UnitPage" name="excel" time="3.768"/>
  <testcase classname="projectTestCases.UnitPage" name="unitAdd" time="11.770"/>
  <testcase classname="projectTestCases.UnitPage" name="unitSearch" time="6.294"/>
  <testcase classname="projectTestCases.UnitPage" name="deleteunit" time="3.851"/>
</testsuite> <!-- projectTestCases.UnitPage -->
