<?xml version="1.0" encoding="UTF-8"?>
<!-- Generated by org.testng.reporters.JUnitReportReporter -->
<testsuite hostname="DESKTOP-CTCH6FD" failures="0" tests="2" name="projectTestCases.ProductPage" time="51.608" errors="0" timestamp="2024-06-20T10:38:17 IST" skipped="0">
  <testcase classname="projectTestCases.ProductPage" name="excel" time="2.911"/>
  <testcase classname="projectTestCases.ProductPage" name="productDetailsAdd" time="48.697"/>
</testsuite> <!-- projectTestCases.ProductPage -->
